GROUP,PACKAGE,CLASS,INSTRUCTION_MISSED,INSTRUCTION_COVERED,BRANCH_MISSED,BRANCH_COVERED,LINE_MISSED,LINE_COVERED,COMPLEXITY_MISSED,COMPLEXITY_COVERED,METHOD_MISSED,METHOD_COVERED
junit4MockitoExamples,com.junit4.mockito.model,Address,0,38,0,0,0,16,0,11,0,11
junit4MockitoExamples,com.junit4.mockito.model,Customer,0,31,0,0,0,13,0,9,0,9
junit4MockitoExamples,com.junit4.mockito.helper,CustomerHelper,0,11,0,0,0,5,0,3,0,3
junit4MockitoExamples,com.junit4.mockito,CustomerBusinessImpl,0,42,0,0,0,11,0,3,0,3
